2026-04-06 12:40:14 | INFO     | Log file: /content/drive/MyDrive/brain_tumor_classification/experiments/ablation_high_weight_decay/ablation_high_weight_decay_20260406_124014.log
2026-04-06 12:40:14 | INFO     | ====================================================
2026-04-06 12:40:14 | INFO     |   Experiment : ablation_high_weight_decay
2026-04-06 12:40:14 | INFO     |   Backbone   : efficientnet_b3
2026-04-06 12:40:14 | INFO     |   Dropout    : 0.3
2026-04-06 12:40:14 | INFO     |   Label smooth: 0.1
2026-04-06 12:40:14 | INFO     | ====================================================
2026-04-06 12:40:14 | INFO     | Device: cuda
2026-04-06 12:40:14 | INFO     | Loading DataLoaders...
2026-04-06 12:40:15 | INFO     | Train: 4480 images | Val: 1120 images
2026-04-06 12:40:15 | INFO     | Building model: efficientnet_b3
2026-04-06 12:40:15 | INFO     | >>> PHASE 1: Warmup — backbone frozen <<<
2026-04-06 12:41:05 | INFO     | Epoch 01/30 | Train — Loss: 0.9303  Acc: 0.6761  F1: 0.6740 | Val   — Loss: 0.6528  Acc: 0.8536  F1: 0.8494
2026-04-06 12:41:06 | INFO     |   --> New best model saved (Val F1: 0.8494)
2026-04-06 12:41:48 | INFO     | Epoch 02/30 | Train — Loss: 0.8325  Acc: 0.7404  F1: 0.7398 | Val   — Loss: 0.6377  Acc: 0.8625  F1: 0.8626
2026-04-06 12:41:48 | INFO     |   --> New best model saved (Val F1: 0.8626)
2026-04-06 12:42:30 | INFO     | Epoch 03/30 | Train — Loss: 0.8059  Acc: 0.7574  F1: 0.7566 | Val   — Loss: 0.6077  Acc: 0.8777  F1: 0.8765
2026-04-06 12:42:30 | INFO     |   --> New best model saved (Val F1: 0.8765)
2026-04-06 12:43:14 | INFO     | Epoch 04/30 | Train — Loss: 0.7738  Acc: 0.7725  F1: 0.7716 | Val   — Loss: 0.5962  Acc: 0.8795  F1: 0.8794
2026-04-06 12:43:14 | INFO     |   --> New best model saved (Val F1: 0.8794)
2026-04-06 12:43:56 | INFO     | Epoch 05/30 | Train — Loss: 0.7656  Acc: 0.7732  F1: 0.7719 | Val   — Loss: 0.5828  Acc: 0.8866  F1: 0.8869
2026-04-06 12:43:57 | INFO     |   --> New best model saved (Val F1: 0.8869)
2026-04-06 12:43:57 | INFO     | >>> PHASE 2: Fine-tuning — top layers unfrozen <<<
2026-04-06 12:44:40 | INFO     | Epoch 06/30 | Train — Loss: 0.7589  Acc: 0.7855  F1: 0.7848 | Val   — Loss: 0.5898  Acc: 0.8848  F1: 0.8847
2026-04-06 12:44:40 | INFO     |   No improvement. Patience: 1/7
2026-04-06 12:45:22 | INFO     | Epoch 07/30 | Train — Loss: 0.7632  Acc: 0.7806  F1: 0.7803 | Val   — Loss: 0.5778  Acc: 0.8911  F1: 0.8907
2026-04-06 12:45:23 | INFO     |   --> New best model saved (Val F1: 0.8907)
2026-04-06 12:46:05 | INFO     | Epoch 08/30 | Train — Loss: 0.7510  Acc: 0.7897  F1: 0.7889 | Val   — Loss: 0.5714  Acc: 0.8946  F1: 0.8946
2026-04-06 12:46:05 | INFO     |   --> New best model saved (Val F1: 0.8946)
2026-04-06 12:46:47 | INFO     | Epoch 09/30 | Train — Loss: 0.7533  Acc: 0.7853  F1: 0.7844 | Val   — Loss: 0.5686  Acc: 0.8929  F1: 0.8930
2026-04-06 12:46:47 | INFO     |   No improvement. Patience: 1/7
2026-04-06 12:47:29 | INFO     | Epoch 10/30 | Train — Loss: 0.7445  Acc: 0.7958  F1: 0.7949 | Val   — Loss: 0.5719  Acc: 0.8920  F1: 0.8917
2026-04-06 12:47:29 | INFO     |   No improvement. Patience: 2/7
2026-04-06 12:48:11 | INFO     | Epoch 11/30 | Train — Loss: 0.7445  Acc: 0.7897  F1: 0.7890 | Val   — Loss: 0.5702  Acc: 0.8929  F1: 0.8931
2026-04-06 12:48:11 | INFO     |   No improvement. Patience: 3/7
2026-04-06 12:48:53 | INFO     | Epoch 12/30 | Train — Loss: 0.7458  Acc: 0.7946  F1: 0.7943 | Val   — Loss: 0.5659  Acc: 0.8911  F1: 0.8911
2026-04-06 12:48:53 | INFO     |   No improvement. Patience: 4/7
2026-04-06 12:49:34 | INFO     | Epoch 13/30 | Train — Loss: 0.7418  Acc: 0.7989  F1: 0.7983 | Val   — Loss: 0.5676  Acc: 0.8973  F1: 0.8972
2026-04-06 12:49:34 | INFO     |   --> New best model saved (Val F1: 0.8972)
2026-04-06 12:50:15 | INFO     | Epoch 14/30 | Train — Loss: 0.7453  Acc: 0.7886  F1: 0.7886 | Val   — Loss: 0.5607  Acc: 0.9045  F1: 0.9044
2026-04-06 12:50:16 | INFO     |   --> New best model saved (Val F1: 0.9044)
2026-04-06 12:50:58 | INFO     | Epoch 15/30 | Train — Loss: 0.7405  Acc: 0.7993  F1: 0.7988 | Val   — Loss: 0.5609  Acc: 0.9009  F1: 0.9009
2026-04-06 12:50:58 | INFO     |   No improvement. Patience: 1/7
2026-04-06 12:51:39 | INFO     | Epoch 16/30 | Train — Loss: 0.7459  Acc: 0.7926  F1: 0.7923 | Val   — Loss: 0.5604  Acc: 0.9027  F1: 0.9028
2026-04-06 12:51:39 | INFO     |   No improvement. Patience: 2/7
2026-04-06 12:52:20 | INFO     | Epoch 17/30 | Train — Loss: 0.7317  Acc: 0.8031  F1: 0.8027 | Val   — Loss: 0.5604  Acc: 0.9009  F1: 0.9007
2026-04-06 12:52:20 | INFO     |   No improvement. Patience: 3/7
2026-04-06 12:53:01 | INFO     | Epoch 18/30 | Train — Loss: 0.7280  Acc: 0.8056  F1: 0.8057 | Val   — Loss: 0.5601  Acc: 0.9018  F1: 0.9018
2026-04-06 12:53:01 | INFO     |   No improvement. Patience: 4/7
2026-04-06 12:53:44 | INFO     | Epoch 19/30 | Train — Loss: 0.7354  Acc: 0.7978  F1: 0.7967 | Val   — Loss: 0.5637  Acc: 0.8982  F1: 0.8986
2026-04-06 12:53:44 | INFO     |   No improvement. Patience: 5/7
2026-04-06 12:54:27 | INFO     | Epoch 20/30 | Train — Loss: 0.7370  Acc: 0.7926  F1: 0.7918 | Val   — Loss: 0.5597  Acc: 0.9009  F1: 0.9010
2026-04-06 12:54:27 | INFO     |   No improvement. Patience: 6/7
2026-04-06 12:54:27 | INFO     | >>> PHASE 3: Full fine-tuning — all layers unfrozen <<<
2026-04-06 12:55:15 | INFO     | Epoch 21/30 | Train — Loss: 0.7278  Acc: 0.8013  F1: 0.8007 | Val   — Loss: 0.5427  Acc: 0.9134  F1: 0.9137
2026-04-06 12:55:15 | INFO     |   --> New best model saved (Val F1: 0.9137)
2026-04-06 12:56:06 | INFO     | Epoch 22/30 | Train — Loss: 0.7002  Acc: 0.8185  F1: 0.8177 | Val   — Loss: 0.5283  Acc: 0.9214  F1: 0.9219
2026-04-06 12:56:06 | INFO     |   --> New best model saved (Val F1: 0.9219)
2026-04-06 12:56:56 | INFO     | Epoch 23/30 | Train — Loss: 0.6994  Acc: 0.8223  F1: 0.8221 | Val   — Loss: 0.5150  Acc: 0.9250  F1: 0.9252
2026-04-06 12:56:56 | INFO     |   --> New best model saved (Val F1: 0.9252)
2026-04-06 12:57:46 | INFO     | Epoch 24/30 | Train — Loss: 0.6613  Acc: 0.8422  F1: 0.8415 | Val   — Loss: 0.5082  Acc: 0.9268  F1: 0.9268
2026-04-06 12:57:46 | INFO     |   --> New best model saved (Val F1: 0.9268)
2026-04-06 12:58:36 | INFO     | Epoch 25/30 | Train — Loss: 0.6589  Acc: 0.8502  F1: 0.8498 | Val   — Loss: 0.4995  Acc: 0.9339  F1: 0.9341
2026-04-06 12:58:36 | INFO     |   --> New best model saved (Val F1: 0.9341)
2026-04-06 12:59:27 | INFO     | Epoch 26/30 | Train — Loss: 0.6592  Acc: 0.8442  F1: 0.8437 | Val   — Loss: 0.4992  Acc: 0.9348  F1: 0.9349
2026-04-06 12:59:27 | INFO     |   --> New best model saved (Val F1: 0.9349)
2026-04-06 13:00:16 | INFO     | Epoch 27/30 | Train — Loss: 0.6408  Acc: 0.8502  F1: 0.8499 | Val   — Loss: 0.4920  Acc: 0.9375  F1: 0.9379
2026-04-06 13:00:16 | INFO     |   --> New best model saved (Val F1: 0.9379)
2026-04-06 13:01:05 | INFO     | Epoch 28/30 | Train — Loss: 0.6503  Acc: 0.8467  F1: 0.8463 | Val   — Loss: 0.4878  Acc: 0.9402  F1: 0.9405
2026-04-06 13:01:06 | INFO     |   --> New best model saved (Val F1: 0.9405)
2026-04-06 13:01:56 | INFO     | Epoch 29/30 | Train — Loss: 0.6431  Acc: 0.8545  F1: 0.8542 | Val   — Loss: 0.4923  Acc: 0.9375  F1: 0.9377
2026-04-06 13:01:56 | INFO     |   No improvement. Patience: 1/7
2026-04-06 13:02:44 | INFO     | Epoch 30/30 | Train — Loss: 0.6340  Acc: 0.8567  F1: 0.8562 | Val   — Loss: 0.4879  Acc: 0.9455  F1: 0.9457
2026-04-06 13:02:44 | INFO     |   --> New best model saved (Val F1: 0.9457)
2026-04-06 13:02:44 | INFO     | ====================================================
2026-04-06 13:02:44 | INFO     |   Training complete.
2026-04-06 13:02:44 | INFO     |   Best Val F1  : 0.9457
2026-04-06 13:02:44 | INFO     |   Model saved  : /content/drive/MyDrive/brain_tumor_classification/experiments/ablation_high_weight_decay/best_model.pth
2026-04-06 13:02:44 | INFO     |   Metrics saved: /content/drive/MyDrive/brain_tumor_classification/experiments/ablation_high_weight_decay/metrics.csv
2026-04-06 13:02:44 | INFO     | ====================================================
